20:59:53.868 [http-nio-8080-exec-1] ERROR - encoding request null
20:59:58.849 [http-nio-8080-exec-2] ERROR - encoding request null
20:59:58.857 [http-nio-8080-exec-3] ERROR - encoding request null
20:59:58.860 [http-nio-8080-exec-4] ERROR - encoding request null
20:59:58.869 [http-nio-8080-exec-5] ERROR - encoding request null
21:03:01.101 [http-nio-8080-exec-10] ERROR - encoding request null
21:03:01.426 [http-nio-8080-exec-1] ERROR - encoding request null
21:03:01.425 [http-nio-8080-exec-2] ERROR - encoding request null
21:03:01.440 [http-nio-8080-exec-3] ERROR - encoding request null
21:03:01.450 [http-nio-8080-exec-4] ERROR - encoding request null
21:03:16.149 [http-nio-8080-exec-5] ERROR - encoding request null
21:03:16.315 [http-nio-8080-exec-8] ERROR - encoding request null
21:03:16.317 [http-nio-8080-exec-7] ERROR - encoding request null
21:03:16.324 [http-nio-8080-exec-6] ERROR - encoding request null
21:03:16.332 [http-nio-8080-exec-9] ERROR - encoding request null
21:03:25.904 [http-nio-8080-exec-10] ERROR - encoding request null
21:03:26.068 [http-nio-8080-exec-1] ERROR - encoding request null
21:03:26.072 [http-nio-8080-exec-2] ERROR - encoding request null
21:03:26.077 [http-nio-8080-exec-3] ERROR - encoding request null
21:03:26.080 [http-nio-8080-exec-4] ERROR - encoding request null
21:03:30.033 [http-nio-8080-exec-5] ERROR - encoding request null
21:03:30.164 [http-nio-8080-exec-8] ERROR - encoding request null
21:03:30.167 [http-nio-8080-exec-7] ERROR - encoding request null
21:03:30.176 [http-nio-8080-exec-9] ERROR - encoding request null
21:03:30.178 [http-nio-8080-exec-6] ERROR - encoding request null
21:03:37.564 [http-nio-8080-exec-10] ERROR - encoding request null
21:03:37.798 [http-nio-8080-exec-1] ERROR - encoding request null
21:03:37.810 [http-nio-8080-exec-3] ERROR - encoding request null
21:03:37.810 [http-nio-8080-exec-2] ERROR - encoding request null
21:03:37.833 [http-nio-8080-exec-4] ERROR - encoding request null
21:03:52.220 [http-nio-8080-exec-8] ERROR - encoding request null
21:03:52.366 [http-nio-8080-exec-7] ERROR - encoding request null
21:03:52.374 [http-nio-8080-exec-9] ERROR - encoding request null
21:03:52.386 [http-nio-8080-exec-6] ERROR - encoding request null
21:03:52.397 [http-nio-8080-exec-10] ERROR - encoding request null
21:10:36.617 [http-nio-8080-exec-7] ERROR - encoding request null
21:10:37.555 [http-nio-8080-exec-4] ERROR - encoding request null
21:10:37.559 [http-nio-8080-exec-3] ERROR - encoding request null
21:10:37.561 [http-nio-8080-exec-10] ERROR - encoding request null
21:10:37.570 [http-nio-8080-exec-1] ERROR - encoding request null
21:10:37.573 [http-nio-8080-exec-5] ERROR - encoding request null
21:10:54.681 [http-nio-8080-exec-2] ERROR - encoding request null
21:10:54.800 [http-nio-8080-exec-6] ERROR - encoding request null
21:10:54.801 [http-nio-8080-exec-8] ERROR - encoding request null
21:10:54.808 [http-nio-8080-exec-9] ERROR - encoding request null
21:10:54.810 [http-nio-8080-exec-11] ERROR - encoding request null
21:10:55.905 [http-nio-8080-exec-4] ERROR - encoding request null
21:10:56.023 [http-nio-8080-exec-3] ERROR - encoding request null
21:10:56.027 [http-nio-8080-exec-10] ERROR - encoding request null
21:10:56.031 [http-nio-8080-exec-10] ERROR - encoding request null
21:10:56.033 [http-nio-8080-exec-5] ERROR - encoding request null
21:10:56.772 [http-nio-8080-exec-12] ERROR - encoding request null
21:10:56.899 [http-nio-8080-exec-6] ERROR - encoding request null
21:10:56.904 [http-nio-8080-exec-8] ERROR - encoding request null
21:10:56.905 [http-nio-8080-exec-11] ERROR - encoding request null
21:10:56.908 [http-nio-8080-exec-9] ERROR - encoding request null
21:10:57.523 [http-nio-8080-exec-13] ERROR - encoding request null
21:10:57.610 [http-nio-8080-exec-1] ERROR - encoding request null
21:10:57.609 [http-nio-8080-exec-3] ERROR - encoding request null
21:10:57.618 [http-nio-8080-exec-10] ERROR - encoding request null
21:10:57.624 [http-nio-8080-exec-5] ERROR - encoding request null
21:11:00.482 [http-nio-8080-exec-6] ERROR - encoding request null
21:11:03.701 [http-nio-8080-exec-8] ERROR - encoding request null
21:11:03.829 [http-nio-8080-exec-11] ERROR - encoding request null
21:11:03.830 [http-nio-8080-exec-9] ERROR - encoding request null
21:11:03.835 [http-nio-8080-exec-13] ERROR - encoding request null
21:11:03.839 [http-nio-8080-exec-3] ERROR - encoding request null
21:11:13.843 [http-nio-8080-exec-14] ERROR - encoding request null
21:11:13.926 [http-nio-8080-exec-10] ERROR - encoding request null
21:11:14.141 [http-nio-8080-exec-5] ERROR - encoding request null
21:11:14.141 [http-nio-8080-exec-15] ERROR - encoding request null
21:11:14.142 [http-nio-8080-exec-12] ERROR - encoding request null
21:11:14.156 [http-nio-8080-exec-16] ERROR - encoding request null
21:11:14.159 [http-nio-8080-exec-11] ERROR - encoding request null
21:11:14.673 [http-nio-8080-exec-9] ERROR - encoding request null
02:46:49.472 [http-nio-8080-exec-3] ERROR - java.sql.SQLIntegrityConstraintViolationException: Column 'category_id' cannot be null
12:04:29.327 [http-nio-8080-exec-8] ERROR - java.sql.SQLIntegrityConstraintViolationException: Column 'name' cannot be null
12:04:29.444 [http-nio-8080-exec-8] ERROR - java.sql.SQLIntegrityConstraintViolationException: Column 'category_id' cannot be null
20:29:52.534 [http-nio-8080-exec-5] ERROR - java.sql.SQLException: Column 'id' not found.
20:32:13.472 [http-nio-8080-exec-1] ERROR - java.sql.SQLException: Column 'id' not found.
20:32:24.812 [http-nio-8080-exec-3] ERROR - java.sql.SQLException: Column 'id' not found.
20:32:25.871 [http-nio-8080-exec-5] ERROR - java.sql.SQLException: Column 'id' not found.
20:33:17.780 [http-nio-8080-exec-4] ERROR - java.sql.SQLException: Column 'id' not found.
20:59:00.159 [http-nio-8080-exec-1] ERROR - java.sql.SQLException: Column 'id' not found.
21:00:16.407 [http-nio-8080-exec-1] ERROR - java.sql.SQLException: Column 'id' not found.
13:35:23.519 [http-nio-8080-exec-1] ERROR - java.sql.SQLSyntaxErrorException: Table 'z_shop.product' doesn't exist
13:35:31.989 [http-nio-8080-exec-3] ERROR - java.sql.SQLSyntaxErrorException: Table 'z_shop.product' doesn't exist
13:40:59.846 [http-nio-8080-exec-6] ERROR - java.sql.SQLSyntaxErrorException: Unknown column 'c.name' in 'field list'
13:41:08.818 [http-nio-8080-exec-7] ERROR - java.sql.SQLSyntaxErrorException: Unknown column 'c.name' in 'field list'
13:41:10.424 [http-nio-8080-exec-8] ERROR - java.sql.SQLSyntaxErrorException: Unknown column 'c.name' in 'field list'
13:41:11.276 [http-nio-8080-exec-9] ERROR - java.sql.SQLSyntaxErrorException: Unknown column 'c.name' in 'field list'
13:41:11.930 [http-nio-8080-exec-10] ERROR - java.sql.SQLSyntaxErrorException: Unknown column 'c.name' in 'field list'
13:41:12.582 [http-nio-8080-exec-1] ERROR - java.sql.SQLSyntaxErrorException: Unknown column 'c.name' in 'field list'
13:43:34.821 [http-nio-8080-exec-3] ERROR - java.sql.SQLSyntaxErrorException: Unknown column 'c.name' in 'field list'
13:43:43.362 [http-nio-8080-exec-4] ERROR - java.sql.SQLSyntaxErrorException: Unknown column 'c.name' in 'field list'
13:43:49.806 [http-nio-8080-exec-5] ERROR - java.sql.SQLSyntaxErrorException: Unknown column 'c.name' in 'field list'
13:45:50.328 [http-nio-8080-exec-7] ERROR - java.sql.SQLSyntaxErrorException: Unknown column 'c.name' in 'field list'
13:46:00.268 [http-nio-8080-exec-8] ERROR - java.sql.SQLSyntaxErrorException: Unknown column 'c.name' in 'field list'
13:46:03.469 [http-nio-8080-exec-9] ERROR - java.sql.SQLSyntaxErrorException: Unknown column 'c.name' in 'field list'
13:46:15.960 [http-nio-8080-exec-7] ERROR - java.sql.SQLSyntaxErrorException: Unknown column 'c.category_id' in 'field list'
13:46:20.574 [http-nio-8080-exec-4] ERROR - java.sql.SQLSyntaxErrorException: Unknown column 'c.category_id' in 'field list'
13:46:24.653 [http-nio-8080-exec-5] ERROR - java.sql.SQLSyntaxErrorException: Unknown column 'c.category_id' in 'field list'
13:47:18.066 [http-nio-8080-exec-11] ERROR - java.sql.SQLSyntaxErrorException: Unknown column 'c.category_id' in 'field list'
13:47:23.629 [http-nio-8080-exec-12] ERROR - java.sql.SQLSyntaxErrorException: Unknown column 'c.category_id' in 'field list'
15:16:15.598 [http-nio-8080-exec-5] ERROR - java.sql.SQLIntegrityConstraintViolationException: Duplicate entry 'Car' for key 'category_description.category_name'
15:20:25.487 [http-nio-8080-exec-11] ERROR - java.sql.SQLIntegrityConstraintViolationException: Duplicate entry 'Car' for key 'category_description.category_name'
23:15:50.204 [http-nio-8080-exec-70] ERROR - java.sql.SQLSyntaxErrorException: Table 'z_shop.user' doesn't exist
23:15:53.905 [http-nio-8080-exec-63] ERROR - java.sql.SQLSyntaxErrorException: Table 'z_shop.user' doesn't exist
23:16:15.337 [http-nio-8080-exec-76] ERROR - java.sql.SQLSyntaxErrorException: Table 'z_shop.user' doesn't exist
23:17:33.495 [http-nio-8080-exec-78] ERROR - java.sql.SQLSyntaxErrorException: Table 'z_shop.user' doesn't exist
23:27:43.598 [http-nio-8080-exec-86] ERROR - java.sql.SQLException: Column 'name' not found.
23:32:19.650 [http-nio-8080-exec-105] ERROR - java.sql.SQLException: Illegal operation on empty result set.
23:35:45.936 [http-nio-8080-exec-110] ERROR - java.sql.SQLException: Illegal operation on empty result set.
23:36:17.199 [http-nio-8080-exec-102] ERROR - java.sql.SQLException: Illegal operation on empty result set.
23:39:38.788 [http-nio-8080-exec-116] ERROR - java.sql.SQLException: Illegal operation on empty result set.
23:40:28.785 [http-nio-8080-exec-115] ERROR - java.sql.SQLException: Illegal operation on empty result set.
23:41:36.598 [http-nio-8080-exec-121] ERROR - java.sql.SQLException: Illegal operation on empty result set.
23:41:51.854 [http-nio-8080-exec-126] ERROR - java.sql.SQLException: Illegal operation on empty result set.
23:42:32.511 [http-nio-8080-exec-123] ERROR - java.sql.SQLException: Illegal operation on empty result set.
23:43:05.197 [http-nio-8080-exec-137] ERROR - java.sql.SQLException: Illegal operation on empty result set.
23:44:10.280 [http-nio-8080-exec-138] ERROR - java.sql.SQLException: Illegal operation on empty result set.
22:37:36.513 [http-nio-8080-exec-14] ERROR - java.sql.SQLException: Illegal operation on empty result set.
22:39:43.111 [http-nio-8080-exec-13] ERROR - java.sql.SQLException: Illegal operation on empty result set.
22:40:15.061 [http-nio-8080-exec-14] ERROR - java.sql.SQLException: Illegal operation on empty result set.
22:44:25.819 [http-nio-8080-exec-38] ERROR - java.sql.SQLException: Illegal operation on empty result set.
22:44:41.145 [http-nio-8080-exec-39] ERROR - java.sql.SQLException: Illegal operation on empty result set.
21:28:54.176 [http-nio-8080-exec-63] ERROR - java.sql.SQLException: Illegal operation on empty result set.
21:32:35.473 [http-nio-8080-exec-67] ERROR - java.sql.SQLException: Illegal operation on empty result set.
21:34:57.286 [http-nio-8080-exec-74] ERROR - java.sql.SQLException: Illegal operation on empty result set.
23:37:51.918 [http-nio-8080-exec-102] ERROR - java.sql.SQLException: Illegal operation on empty result set.
01:13:07.974 [http-nio-8080-exec-22] ERROR - java.sql.SQLException: Illegal operation on empty result set.
01:13:19.901 [http-nio-8080-exec-27] ERROR - java.sql.SQLException: Illegal operation on empty result set.
01:14:00.932 [http-nio-8080-exec-29] ERROR - java.sql.SQLException: Illegal operation on empty result set.
17:34:25.376 [http-nio-8080-exec-96] ERROR - java.sql.SQLException: Illegal operation on empty result set.
17:42:27.515 [http-nio-8080-exec-92] ERROR - java.sql.SQLException: Illegal operation on empty result set.
23:49:44.325 [http-nio-8080-exec-22] ERROR - java.sql.SQLException: Illegal operation on empty result set.
23:49:57.369 [http-nio-8080-exec-20] ERROR - java.sql.SQLException: Illegal operation on empty result set.
19:13:59.318 [http-nio-8080-exec-1] ERROR - java.sql.SQLException: Access denied for user 'root'@'localhost' (using password: YES)
19:13:59.389 [http-nio-8080-exec-1] ERROR - java.sql.SQLException: Access denied for user 'root'@'localhost' (using password: YES)
19:14:06.832 [http-nio-8080-exec-3] ERROR - java.sql.SQLException: Access denied for user 'root'@'localhost' (using password: YES)
19:14:06.840 [http-nio-8080-exec-3] ERROR - java.sql.SQLException: Access denied for user 'root'@'localhost' (using password: YES)
19:14:06.844 [http-nio-8080-exec-3] ERROR - java.sql.SQLException: Access denied for user 'root'@'localhost' (using password: YES)
19:14:08.751 [http-nio-8080-exec-5] ERROR - java.sql.SQLException: Access denied for user 'root'@'localhost' (using password: YES)
19:14:08.799 [http-nio-8080-exec-5] ERROR - java.sql.SQLException: Access denied for user 'root'@'localhost' (using password: YES)
19:14:08.802 [http-nio-8080-exec-5] ERROR - java.sql.SQLException: Access denied for user 'root'@'localhost' (using password: YES)
19:14:08.805 [http-nio-8080-exec-5] ERROR - java.sql.SQLException: Access denied for user 'root'@'localhost' (using password: YES)
19:14:47.140 [http-nio-8080-exec-1] ERROR - java.sql.SQLException: Access denied for user 'root'@'localhost' (using password: YES)
19:14:47.169 [http-nio-8080-exec-1] ERROR - java.sql.SQLException: Access denied for user 'root'@'localhost' (using password: YES)
19:14:47.200 [http-nio-8080-exec-1] ERROR - java.sql.SQLException: Access denied for user 'root'@'localhost' (using password: YES)
19:15:15.235 [http-nio-8080-exec-4] ERROR - java.sql.SQLException: Access denied for user 'root'@'localhost' (using password: YES)
19:15:15.283 [http-nio-8080-exec-4] ERROR - java.sql.SQLException: Access denied for user 'root'@'localhost' (using password: YES)
19:15:15.317 [http-nio-8080-exec-4] ERROR - java.sql.SQLException: Access denied for user 'root'@'localhost' (using password: YES)
19:16:05.773 [http-nio-8080-exec-7] ERROR - java.sql.SQLException: Access denied for user 'root'@'localhost' (using password: YES)
19:16:05.781 [http-nio-8080-exec-7] ERROR - java.sql.SQLException: Access denied for user 'root'@'localhost' (using password: YES)
19:16:05.786 [http-nio-8080-exec-7] ERROR - java.sql.SQLException: Access denied for user 'root'@'localhost' (using password: YES)
00:36:19.873 [http-nio-8080-exec-52] ERROR - java.sql.SQLException: Illegal operation on empty result set.
00:39:02.257 [http-nio-8080-exec-50] ERROR - java.sql.SQLException: Illegal operation on empty result set.
02:23:37.872 [http-nio-8080-exec-211] ERROR - java.sql.SQLException: Illegal operation on empty result set.
02:23:45.625 [http-nio-8080-exec-212] ERROR - java.sql.SQLException: Illegal operation on empty result set.
02:24:35.527 [http-nio-8080-exec-209] ERROR - java.sql.SQLException: Illegal operation on empty result set.
